<?xml version="1.0" encoding="UTF-8"?>
<testng-results ignored="0" total="1" passed="1" failed="0" skipped="0">
  <reporter-output>
  </reporter-output>
  <suite started-at="2024-05-16T09:16:42 IST" name="Default suite" finished-at="2024-05-16T09:17:11 IST" duration-ms="28838">
    <groups>
    </groups>
    <test started-at="2024-05-16T09:16:42 IST" name="Default test" finished-at="2024-05-16T09:17:11 IST" duration-ms="28838">
      <class name="Buy1.Buy">
        <test-method is-config="true" signature="t()[pri:0, instance:Buy1.Buy@34e9fd99]" started-at="2024-05-16T09:16:42 IST" name="t" finished-at="2024-05-16T09:16:51 IST" duration-ms="9129" status="PASS">
          <reporter-output>
          </reporter-output>
        </test-method> <!-- t -->
        <test-method signature="t1()[pri:0, instance:Buy1.Buy@34e9fd99]" started-at="2024-05-16T09:16:51 IST" name="t1" finished-at="2024-05-16T09:17:11 IST" duration-ms="19626" status="PASS">
          <reporter-output>
          </reporter-output>
        </test-method> <!-- t1 -->
      </class> <!-- Buy1.Buy -->
    </test> <!-- Default test -->
  </suite> <!-- Default suite -->
</testng-results>
